2025-01-11T15:41:15.250Z [INFO]: بدء تشغيل Puppeteer...
2025-01-11T15:41:16.867Z [INFO]: تم تشغيل Puppeteer بنجاح.
2025-01-11T15:41:16.977Z [INFO]: تم فتح صفحة جديدة.
2025-01-11T15:41:19.704Z [INFO]: تم الاتصال بقاعدة بيانات MongoDB بنجاح.
2025-01-11T15:41:19.709Z [INFO]: الخادم يعمل على http://localhost:3000/api/flights
2025-01-11T15:41:22.666Z [INFO]: تم الانتقال إلى موقع اليمنية.
2025-01-11T15:41:22.671Z [INFO]: تم جلب 24 رحلة من الموقع.
2025-01-11T15:41:23.033Z [INFO]: تمت إضافة رحلة جديدة: رحلة IY512
2025-01-11T15:41:23.349Z [INFO]: تمت إضافة رحلة جديدة: رحلة IY824
2025-01-11T15:41:23.809Z [INFO]: تمت إضافة رحلة جديدة: رحلة IY606
2025-01-11T15:41:23.968Z [INFO]: الرحلة موجودة بالفعل: رحلة IY606
2025-01-11T15:41:24.266Z [INFO]: تمت إضافة رحلة جديدة: رحلة IY513
2025-01-11T15:41:24.418Z [INFO]: الرحلة موجودة بالفعل: رحلة IY513
2025-01-11T15:41:24.722Z [INFO]: تمت إضافة رحلة جديدة: رحلة IY606
2025-01-11T15:41:25.050Z [INFO]: تمت إضافة رحلة جديدة: رحلة IY825
2025-01-11T15:41:25.362Z [INFO]: تمت إضافة رحلة جديدة: رحلة IY513
2025-01-11T15:41:25.672Z [INFO]: تمت إضافة رحلة جديدة: رحلة IY642
2025-01-11T15:41:25.985Z [INFO]: تمت إضافة رحلة جديدة: رحلة IY607
2025-01-11T15:41:26.134Z [INFO]: الرحلة موجودة بالفعل: رحلة IY607
2025-01-11T15:41:26.435Z [INFO]: تمت إضافة رحلة جديدة: رحلة IY600
2025-01-11T15:41:27.293Z [INFO]: تمت إضافة رحلة جديدة: رحلة IY514
2025-01-11T15:41:27.450Z [INFO]: الرحلة موجودة بالفعل: رحلة IY514
2025-01-11T15:41:27.766Z [INFO]: تمت إضافة رحلة جديدة: رحلة IY643
2025-01-11T15:41:28.076Z [INFO]: تمت إضافة رحلة جديدة: رحلة IY514
2025-01-11T15:41:28.380Z [INFO]: تمت إضافة رحلة جديدة: رحلة IY601
2025-01-11T15:41:28.688Z [INFO]: تمت إضافة رحلة جديدة: رحلة IY607
2025-01-11T15:41:29.000Z [INFO]: تمت إضافة رحلة جديدة: رحلة IY515
2025-01-11T15:41:29.304Z [INFO]: تمت إضافة رحلة جديدة: رحلة IY646
2025-01-11T15:41:29.601Z [INFO]: تمت إضافة رحلة جديدة: رحلة IY508
2025-01-11T15:41:30.382Z [INFO]: تمت إضافة رحلة جديدة: رحلة IY647
2025-01-11T15:41:30.821Z [INFO]: تمت إضافة رحلة جديدة: رحلة IY509
2025-01-11T15:41:31.177Z [INFO]: تم إغلاق Puppeteer.
2025-01-11T15:41:31.177Z [INFO]: تم جلب البيانات الأولية.
